Application started on port: 5001
events.js:183
      throw er; // Unhandled 'error' event
      ^

Error: listen EADDRINUSE :::5001
    at Object._errnoException (util.js:992:11)
    at _exceptionWithHostPort (util.js:1014:20)
    at Server.setupListenHandle [as _listen2] (net.js:1355:14)
    at listenInCluster (net.js:1396:12)
    at Server.listen (net.js:1480:7)
    at Function.listen (/opt/OrgBot/node_modules/express/lib/application.js:618:24)
    at Object.<anonymous> (/opt/OrgBot/index.js:38:5)
    at Module._compile (module.js:652:30)
    at Object.Module._extensions..js (module.js:663:10)
    at Module.load (module.js:565:32)
    at tryModuleLoad (module.js:505:12)
    at Function.Module._load (module.js:497:3)
    at Function.Module.runMain (module.js:693:10)
    at startup (bootstrap_node.js:191:16)
    at bootstrap_node.js:612:3
Application started on port: 5001
events.js:183
      throw er; // Unhandled 'error' event
      ^

Error: listen EADDRINUSE :::5001
    at Object._errnoException (util.js:992:11)
    at _exceptionWithHostPort (util.js:1014:20)
    at Server.setupListenHandle [as _listen2] (net.js:1355:14)
    at listenInCluster (net.js:1396:12)
    at Server.listen (net.js:1480:7)
    at Function.listen (/opt/OrgBot/node_modules/express/lib/application.js:618:24)
    at Object.<anonymous> (/opt/OrgBot/index.js:38:5)
    at Module._compile (module.js:652:30)
    at Object.Module._extensions..js (module.js:663:10)
    at Module.load (module.js:565:32)
    at tryModuleLoad (module.js:505:12)
    at Function.Module._load (module.js:497:3)
    at Function.Module.runMain (module.js:693:10)
    at startup (bootstrap_node.js:191:16)
    at bootstrap_node.js:612:3
